1658139588390	geckodriver	INFO	Listening on 127.0.0.1:52646
1658139591461	mozrunner::runner	INFO	Running command: "C:\\Program Files\\Mozilla Firefox\\firefox.exe" "--marionette" "--remote-debugging-port" "52647" "--remote-allow-hosts" "localhost" "-no-remote" "-profile" "C:\\Users\\SAIDGR~1\\AppData\\Local\\Temp\\rust_mozprofilefKs0Hv"
1658139591871	Marionette	INFO	Marionette enabled
1658139591875	Marionette	INFO	Listening on port 52658
WebDriver BiDi listening on ws://localhost:52647
Read port: 52658
1658139591977	RemoteAgent	WARN	TLS certificate errors will be ignored for this session
console.warn: SearchSettings: "get: No settings file exists, new profile?" (new NotFoundError("Could not open the file at C:\\Users\\SAIDGR~1\\AppData\\Local\\Temp\\rust_mozprofilefKs0Hv\\search.json.mozlz4", (void 0)))
DevTools listening on ws://localhost:52647/devtools/browser/f03c0c7d-4b39-4c06-8dc6-e36d16f46dcd
console.warn: LoginRecipes: "getRecipes: falling back to a synchronous message for:" "https://webmail.jaiza.io"
JavaScript error: resource://gre/modules/AsyncShutdown.jsm, 1658139673444	mozrunner::runner	INFO	Running command: "C:\\Program Files\\Mozilla Firefox\\firefox.exe" "--marionette" "--remote-debugging-port" "52733" "--remote-allow-hosts" "localhost" "-no-remote" "-profile" "C:\\Users\\SAIDGR~1\\AppData\\Local\\Temp\\rust_mozprofileCPnN0l"
1658139673669	Marionette	INFO	Marionette enabled
1658139673673	Marionette	INFO	Listening on port 52744
WebDriver BiDi listening on ws://localhost:52733
Read port: 52744
1658139673759	RemoteAgent	WARN	TLS certificate errors will be ignored for this session
console.warn: SearchSettings: "get: No settings file exists, new profile?" (new NotFoundError("Could not open the file at C:\\Users\\SAIDGR~1\\AppData\\Local\\Temp\\rust_mozprofileCPnN0l\\search.json.mozlz4", (void 0)))
DevTools listening on ws://localhost:52733/devtools/browser/8c016b0b-bc9b-4d10-9516-b6fb8edf50b6
console.warn: LoginRecipes: "getRecipes: falling back to a synchronous message for:" "https://webmail.jaiza.io"
console.warn: LoginRecipes: "getRecipes: falling back to a synchronous message for:" "https://webmail.jaiza.io"
JavaScript error: resource://gre/modules/LoginManagerParent.jsm, line 136: TypeError: gRecipeManager is null
console.warn: LoginRecipes: "getRecipes: falling back to a synchronous message for:" "https://webmail.jaiza.io"
JavaScript error: resource://gre/modules/LoginManagerParent.jsm, line 136: TypeError: gRecipeManager is null
JavaScript error: , line 0: NS_ERROR_NOT_AVAILABLE
JavaScript error: resource://gre/modules/AsyncShutdown.jsm, line 575: NotFoundError: No such JSWindowActor 'DevToolsFrame'
JavaScript error: resource://gre/modules/AsyncShutdown.jsm, line 575: NotFoundError: No such JSWindowActor 'DevToolsFrame'
1658141940328	Marionette	INFO	Stopped listening on port 52744
1658323686289	geckodriver	INFO	Listening on 127.0.0.1:63975
1658323689374	mozrunner::runner	INFO	Running command: "C:\\Program Files\\Mozilla Firefox\\firefox.exe" "--marionette" "--remote-debugging-port" "63976" "--remote-allow-hosts" "localhost" "-no-remote" "-profile" "C:\\Users\\SAIDGR~1\\AppData\\Local\\Temp\\rust_mozprofile04lRYy"
1658323689721	Marionette	INFO	Marionette enabled
1658323689725	Marionette	INFO	Listening on port 63985
WebDriver BiDi listening on ws://localhost:63976
Read port: 63985
1658323689956	RemoteAgent	WARN	TLS certificate errors will be ignored for this session
console.warn: SearchSettings: "get: No settings file exists, new profile?" (new NotFoundError("Could not open the file at C:\\Users\\SAIDGR~1\\AppData\\Local\\Temp\\rust_mozprofile04lRYy\\search.json.mozlz4", (void 0)))
DevTools listening on ws://localhost:63976/devtools/browser/9c6d1617-bb0b-404a-9877-5c4e17f21a3d
console.warn: LoginRecipes: "getRecipes: falling back to a synchronous message for:" "https://webmail.jaiza.io"
console.warn: LoginRecipes: "getRecipes: falling back to a synchronous message for:" "https://webmail.jaiza.io"
JavaScript error: resource://gre/modules/LoginManagerParent.jsm, line 136: TypeError: gRecipeManager is null
console.warn: LoginRecipes: "getRecipes: falling back to a synchronous message for:" "https://webmail.jaiza.io"
JavaScript error: resource://gre/modules/LoginManagerParent.jsm, line 136: TypeError: gRecipeManager is null
JavaScript error: resource://gre/modules/AsyncShutdown.jsm, line 575: NotFoundError: No such JSWindowActor 'DevToolsFrame'
JavaScript error: resource://gre/modules/AsyncShutdown.jsm, line 575: NotFoundError: No such JSWindowActor 'DevToolsFrame'
1658323788868	Marionette	INFO	Stopped listening on port 63985
1658323791800	geckodriver	INFO	Listening on 127.0.0.1:64052
1658323794902	mozrunner::runner	INFO	Running command: "C:\\Program Files\\Mozilla Firefox\\firefox.exe" "--marionette" "--remote-debugging-port" "64053" "--remote-allow-hosts" "localhost" "-no-remote" "-profile" "C:\\Users\\SAIDGR~1\\AppData\\Local\\Temp\\rust_mozprofileOUzEY0"
1658323795149	Marionette	INFO	Marionette enabled
1658323795152	Marionette	INFO	Listening on port 64063
WebDriver BiDi listening on ws://localhost:64053
Read port: 64063
1658323795316	RemoteAgent	WARN	TLS certificate errors will be ignored for this session
console.warn: SearchSettings: "get: No settings file exists, new profile?" (new NotFoundError("Could not open the file at C:\\Users\\SAIDGR~1\\AppData\\Local\\Temp\\rust_mozprofileOUzEY0\\search.json.mozlz4", (void 0)))
DevTools listening on ws://localhost:64053/devtools/browser/0ffa0c2d-1ef6-4916-a69f-cdbc2e4cfa90
console.warn: LoginRecipes: "getRecipes: falling back to a synchronous message for:" "https://webmail.jaiza.io"
console.warn: LoginRecipes: "getRecipes: falling back to a synchronous message for:" "https://webmail.jaiza.io"
JavaScript error: resource://gre/modules/LoginManagerParent.jsm, line 136: TypeError: gRecipeManager is null
console.warn: LoginRecipes: "getRecipes: falling back to a synchronous message for:" "https://webmail.jaiza.io"
JavaScript error: resource://gre/modules/LoginManagerParent.jsm, line 136: TypeError: gRecipeManager is null
1658323868983	Marionette	INFO	Stopped listening on port 64063
console.warn: TopSitesFeed: Failed to fetch data from Contile server: NetworkError when attempting to fetch resource.
remote-debugging-port" "64102" "--remote-allow-hosts" "localhost" "-no-remote" "-profile" "C:\\Users\\SAIDGR~1\\AppData\\Local\\Temp\\rust_mozprofileRfLz1H"
1658323827762	Marionette	INFO	Marionette enabled
1658323827765	Marionette	INFO	Listening on port 64111
WebDriver BiDi listening on ws://localhost:64102
Read port: 64111
1658323827969	RemoteAgent	WARN	TLS certificate errors will be ignored for this session
console.warn: SearchSettings: "get: No settings file exists, new profile?" (new NotFoundError("Could not open the file at C:\\Users\\SAIDGR~1\\AppData\\Local\\Temp\\rust_mozprofileRfLz1H\\search.json.mozlz4", (void 0)))
DevTools listening on ws://localhost:64102/devtools/browser/6650a26c-28fc-4f09-8f88-e79357c010c9
console.warn: LoginRecipes: "getRecipes: falling back to a synchronous message for:" "https://webmail.jaiza.io"
console.warn: LoginRecipes: "getRecipes: falling back to a synchronous message for:" "https://webmail.jaiza.io"
JavaScript error: resource://gre/modules/LoginManagerParent.jsm, line 136: TypeError: gRecipeManager is null
console.warn: LoginRecipes: "getRecipes: falling back to a synchronous message for:" "https://webmail.jaiza.io"
JavaScript error: resource://gre/modules/LoginManagerParent.jsm, line 136: TypeError: gRecipeManager is null
1658323866616	Marionette	INFO	Stopped listening on port 64111
console.warn: TopSitesFeed: Failed to fetch data from Contile server: NetworkError when attempting to fetch resource.
1658323873084	geckodriver	INFO	Listening on 127.0.0.1:64162
1658323876142	mozrunner::runner	INFO	Running command: "C:\\Program Files\\Mozilla Firefox\\firefox.exe" "--marionette" "--remote-debugging-port" "64163" "--remote-allow-hosts" "localhost" "-no-remote" "-profile" "C:\\Users\\SAIDGR~1\\AppData\\Local\\Temp\\rust_mozprofile6QFwgG"
1658323876370	Marionette	INFO	Marionette enabled
1658323876374	Marionette	INFO	Listening on port 64172
WebDriver BiDi listening on ws://localhost:64163
Read port: 64172
1658323876588	RemoteAgent	WARN	TLS certificate errors will be ignored for this session
console.warn: SearchSettings: "get: No settings file exists, new profile?" (new NotFoundError("Could not open the file at C:\\Users\\SAIDGR~1\\AppData\\Local\\Temp\\rust_mozprofile6QFwgG\\search.json.mozlz4", (void 0)))
DevTools listening on ws://localhost:64163/devtools/browser/e9ff690b-0649-42a6-abc4-a8ae6b32fb29
console.warn: LoginRecipes: "getRecipes: falling back to a synchronous message for:" "https://webmail.jaiza.io"
console.warn: LoginRecipes: "getRecipes: falling back to a synchronous message for:" "https://webmail.jaiza.io"
JavaScript error: resource://gre/modules/LoginManagerParent.jsm, line 136: TypeError: gRecipeManager is null
console.warn: LoginRecipes: "getRecipes: falling back to a synchronous message for:" "https://webmail.jaiza.io"
JavaScript error: resource://gre/modules/LoginManagerParent.jsm, line 136: TypeError: gRecipeManager is null
JavaScript error: resource://gre/modules/AsyncShutdown.jsm, line 575: NotFoundError: No such JSWindowActor 'DevToolsFrame'
JavaScript error: resource://gre/modules/AsyncShutdown.jsm, line 575: NotFoundError: No such JSWindowActor 'DevToolsFrame'
1658324075386	Marionette	INFO	Stopped listening on port 64172
emp\\rust_mozprofileQe2U2k"
1658324029584	Marionette	INFO	Marionette enabled
1658324029588	Marionette	INFO	Listening on port 64240
Read port: 64240
WebDriver BiDi listening on ws://localhost:64230
1658324029677	RemoteAgent	WARN	TLS certificate errors will be ignored for this session
console.warn: SearchSettings: "get: No settings file exists, new profile?" (new NotFoundError("Could not open the file at C:\\Users\\SAIDGR~1\\AppData\\Local\\Temp\\rust_mozprofileQe2U2k\\search.json.mozlz4", (void 0)))
DevTools listening on ws://localhost:64230/devtools/browser/b34c955f-d9f3-4ebe-bbda-ed5162b1abd9
console.warn: LoginRecipes: "getRecipes: falling back to a synchronous message for:" "https://webmail.jaiza.io"
console.warn: LoginRecipes: "getRecipes: falling back to a synchronous message for:" "https://webmail.jaiza.io"
JavaScript error: resource://gre/modules/LoginManagerParent.jsm, line 136: TypeError: gRecipeManager is null
console.warn: LoginRecipes: "getRecipes: falling back to a synchronous message for:" "https://webmail.jaiza.io"
JavaScript error: resource://gre/modules/LoginManagerParent.jsm, line 136: TypeError: gRecipeManager is null
1658324074685	Marionette	INFO	Stopped listening on port 64240
console.warn: TopSitesFeed: Failed to fetch data from Contile server: NetworkError when attempting to fetch resource.
[Parent 1896, IPC I/O Parent] WARNING: file /builds/worker/checkouts/gecko/ipc/chromium/src/base/process_util_win.cc:167
1658324077342	geckodriver	INFO	Listening on 127.0.0.1:64283
1658324080389	mozrunner::runner	INFO	Running command: "C:\\Program Files\\Mozilla Firefox\\firefox.exe" "--marionette" "--remote-debugging-port" "64284" "--remote-allow-hosts" "localhost" "-no-remote" "-profile" "C:\\Users\\SAIDGR~1\\AppData\\Local\\Temp\\rust_mozprofileq9T0AB"
1658324080623	Marionette	INFO	Marionette enabled
1658324080628	Marionette	INFO	Listening on port 64293
WebDriver BiDi listening on ws://localhost:64284
Read port: 64293
1658324080826	RemoteAgent	WARN	TLS certificate errors will be ignored for this session
console.warn: SearchSettings: "get: No settings file exists, new profile?" (new NotFoundError("Could not open the file at C:\\Users\\SAIDGR~1\\AppData\\Local\\Temp\\rust_mozprofileq9T0AB\\search.json.mozlz4", (void 0)))
DevTools listening on ws://localhost:64284/devtools/browser/1b5ed9a7-19c7-41ec-9d97-797d49b39fb0
console.warn: LoginRecipes: "getRecipes: falling back to a synchronous message for:" "https://webmail.jaiza.io"
console.warn: LoginRecipes: "getRecipes: falling back to a synchronous message for:" "https://webmail.jaiza.io"
JavaScript error: resource://gre/modules/LoginManagerParent.jsm, line 136: TypeError: gRecipeManager is null
console.warn: LoginRecipes: "getRecipes: falling back to a synchronous message for:" "https://webmail.jaiza.io"
JavaScript error: resource://gre/modules/LoginManagerParent.jsm, line 136: TypeError: gRecipeManager is null
JavaScript error: resource://gre/modules/AsyncShutdown.jsm, line 575: NotFoundError: No such JSWindowActor 'DevToolsFrame'
JavaScript error: resource://gre/modules/AsyncShutdown.jsm, line 575: NotFoundError: No such JSWindowActor 'DevToolsFrame'
1658324288894	Marionette	INFO	Stopped listening on port 64293
[Parent 12708, IPC I/O Parent] WARNING: file /builds/worker/checkouts/gecko/ipc/chromium/src/base/process_util_win.cc:167
rt 64368
WebDriver BiDi listening on ws://localhost:64359
Read port: 64368
1658324188342	RemoteAgent	WARN	TLS certificate errors will be ignored for this session
console.warn: SearchSettings: "get: No settings file exists, new profile?" (new NotFoundError("Could not open the file at C:\\Users\\SAIDGR~1\\AppData\\Local\\Temp\\rust_mozprofile3SFrzF\\search.json.mozlz4", (void 0)))
DevTools listening on ws://localhost:64359/devtools/browser/1fa8d037-21b3-469d-9ea8-e2bdf6adc3fa
console.error: Region.jsm: "Error fetching region" (new Error("TIMEOUT", "resource://gre/modules/Region.jsm", 767))
console.error: Region.jsm: "Failed to fetch region" (new Error("TIMEOUT", "resource://gre/modules/Region.jsm", 419))
console.warn: LoginRecipes: "getRecipes: falling back to a synchronous message for:" "https://webmail.jaiza.io"
console.warn: LoginRecipes: "getRecipes: falling back to a synchronous message for:" "https://webmail.jaiza.io"
JavaScript error: resource://gre/modules/LoginManagerParent.jsm, line 136: TypeError: gRecipeManager is null
console.warn: LoginRecipes: "getRecipes: falling back to a synchronous message for:" "https://webmail.jaiza.io"
JavaScript error: resource://gre/modules/LoginManagerParent.jsm, line 136: TypeError: gRecipeManager is null
1658324288094	Marionette	INFO	Stopped listening on port 64361658324289628	mozrunner::runner	INFO	Running command: "C:\\Program Files\\Mozilla Firefox\\firefox.exe" "--marionette" "--remote-debugging-port" "64435" "--remote-allow-hosts" "localhost" "-no-remote" "-profile" "C:\\Users\\SAIDGR~1\\AppData\\Local\\Temp\\rust_mozprofileuz9ug2"
1658324289923	Marionette	INFO	Marionette enabled
1658324289926	Marionette	INFO	Listening on port 64445
WebDriver BiDi listening on ws://localhost:64435
Read port: 64445
1658324290017	RemoteAgent	WARN	TLS certificate errors will be ignored for this session
console.warn: SearchSettings: "get: No settings file exists, new profile?" (new NotFoundError("Could not open the file at C:\\Users\\SAIDGR~1\\AppData\\Local\\Temp\\rust_mozprofileuz9ug2\\search.json.mozlz4", (void 0)))
DevTools listening on ws://localhost:64435/devtools/browser/a0968e45-f73e-4549-aa8e-3764c751ab7a
console.warn: LoginRecipes: "getRecipes: falling back to a synchronous message for:" "https://webmail.jaiza.io"
console.warn: LoginRecipes: "getRecipes: falling back to a synchronous message for:" "https://webmail.jaiza.io"
JavaScript error: resource://gre/modules/LoginManagerParent.jsm, line 136: TypeError: gRecipeManager is null
console.warn: LoginRecipes: "getRecipes: falling back to a synchronous message for:" "https://webmail.jaiza.io"
JavaScript error: resource://gre/modules/LoginManagerParent.jsm, line 136: TypeError: gRecipeManager is null
JavaScript error: resource://gre/modules/AsyncShutdown.jsm, line 575: NotFoundError: No such JSWindowActor 'DevToolsFrame'
JavaScript error: resource://gre/modules/AsyncShutdown.jsm, line 575: NotFoundError: No such JSWindowActor 'DevToolsFrame'
1658324585858	Marionette	INFO	Stopped listening on port 64445
emp\\rust_mozprofileaJLySi"
1658324426449	Marionette	INFO	Marionette enabled
1658324426453	Marionette	INFO	Listening on port 64526
WebDriver BiDi listening on ws://localhost:64517
Read port: 64526
1658324426541	RemoteAgent	WARN	TLS certificate errors will be ignored for this session
console.warn: SearchSettings: "get: No settings file exists, new profile?" (new NotFoundError("Could not open the file at C:\\Users\\SAIDGR~1\\AppData\\Local\\Temp\\rust_mozprofileaJLySi\\search.json.mozlz4", (void 0)))
DevTools listening on ws://localhost:64517/devtools/browser/f8ed66c4-dee5-4f4a-9abc-ca4f6c1a0fb9
console.warn: LoginRecipes: "getRecipes: falling back to a synchronous message for:" "https://webmail.jaiza.io"
console.warn: LoginRecipes: "getRecipes: falling back to a synchronous message for:" "https://webmail.jaiza.io"
JavaScript error: resource://gre/modules/LoginManagerParent.jsm, line 136: TypeError: gRecipeManager is null
console.warn: LoginRecipes: "getRecipes: falling back to a synchronous message for:" "https://webmail.jaiza.io"
JavaScript error: resource://gre/modules/LoginManagerParent.jsm, line 136: TypeError: gRecipeManager is null
1658324583972	Marionette	INFO	Stopped listening on port 64526
console.warn: TopSitesFeed: Failed to fetch data from Contile server: NetworkError when attempting to fetch resource.
remote-debugging-port" "64593" "--remote-allow-hosts" "localhost" "-no-remote" "-profile" "C:\\Users\\SAIDGR~1\\AppData\\Local\\Temp\\rust_mozprofilezsQlhE"
1658324500054	Marionette	INFO	Marionette enabled
1658324500057	Marionette	INFO	Listening on port 64604
WebDriver BiDi listening on ws://localhost:64593
Read port: 64604
1658324500143	RemoteAgent	WARN	TLS certificate errors will be ignored for this session
console.warn: SearchSettings: "get: No settings file exists, new profile?" (new NotFoundError("Could not open the file at C:\\Users\\SAIDGR~1\\AppData\\Local\\Temp\\rust_mozprofilezsQlhE\\search.json.mozlz4", (void 0)))
DevTools listening on ws://localhost:64593/devtools/browser/dbeac075-0b0a-4a33-ba70-8461ea7eadc1
console.warn: LoginRecipes: "getRecipes: falling back to a synchronous message for:" "https://webmail.jaiza.io"
console.warn: LoginRecipes: "getRecipes: falling back to a synchronous message for:" "https://webmail.jaiza.io"
JavaScript error: resource://gre/modules/LoginManagerParent.jsm, line 136: TypeError: gRecipeManager is null
console.warn: LoginRecipes: "getRecipes: falling back to a synchronous message for:" "https://webmail.jaiza.io"
JavaScript error: resource://gre/modules/LoginManagerParent.jsm, line 136: TypeError: gRecipeManager is null
1658324585099	Marionette	INFO	Stopped listening on port 64604
console.warn: TopSitesFeed: Failed to fetch data from Contile server: NetworkError when attempting to fetch resource.
1658324814025	geckodriver	INFO	Listening on 127.0.0.1:55963
1658324817086	mozrunner::runner	INFO	Running command: "C:\\Program Files\\Mozilla Firefox\\firefox.exe" "--marionette" "--remote-debugging-port" "55964" "--remote-allow-hosts" "localhost" "-no-remote" "-profile" "C:\\Users\\SAIDGR~1\\AppData\\Local\\Temp\\rust_mozprofileALFubC"
1658324817400	Marionette	INFO	Marionette enabled
1658324817403	Marionette	INFO	Listening on port 55982
WebDriver BiDi listening on ws://localhost:55964
Read port: 55982
1658324817496	RemoteAgent	WARN	TLS certificate errors will be ignored for this session
console.warn: SearchSettings: "get: No settings file exists, new profile?" (new NotFoundError("Could not open the file at C:\\Users\\SAIDGR~1\\AppData\\Local\\Temp\\rust_mozprofileALFubC\\search.json.mozlz4", (void 0)))
DevTools listening on ws://localhost:55964/devtools/browser/f417e27d-382b-4815-9756-b91aa1895fd0
console.error: Region.jsm: "Error fetching region" (new Error("TIMEOUT", "resource://gre/modules/Region.jsm", 767))
console.error: Region.jsm: "Failed to fetch region" (new Error("TIMEOUT", "resource://gre/modules/Region.jsm", 419))
console.warn: LoginRecipes: "getRecipes: falling back to a synchronous message for:" "https://webmail.jaiza.io"
console.warn: LoginRecipes: "getRecipes: falling back to a synchronous message for:" "https://webmail.jaiza.io"
JavaScript error: resource://gre/modules/LoginManagerParent.jsm, line 136: TypeError: gRecipeManager is null
console.warn: LoginRecipes: "getRecipes: falling back to a synchronous message for:" "https://webmail.jaiza.io"
JavaScript error: resource://gre/modules/LoginManagerParent.jsm, line 136: TypeError: gRecipeManager is null
console.warn: LoginRecipes: "getRecipes: falling back to a synchronous message for:" "https://webmail.jaiza.io"
JavaScript error: resource://gre/modules/LoginManagerParent.jsm, line 136: TypeError: gRecipeManager is null
console.warn: LoginRecipes: "getRecipes: falling back to a synchronous message for:" "https://webmail.jaiza.io"
JavaScript error: resource://gre/modules/LoginManagerParent.jsm, line 136: TypeError: gRecipeManager is null
JavaScript error: , line 0: NotFoundError: No such JSWindowActor 'DevToolsFrame'
JavaScript error: , line 0: NotFoundError: No such JSWindowActor 'DevToolsFrame'
JavaScript error: , line 0: NS_ERROR_NOT_AVAILABLE
console.warn: LoginRecipes: "getRecipes: falling back to a synchronous message for:" "https://webmail.jaiza.io"
JavaScript error: resource://gre/modules/LoginManagerParent.jsm, line 136: TypeError: gRecipeManager is null
console.warn: LoginRecipes: "getRecipes: falling back to a synchronous message for:" "https://webmail.jaiza.io"
JavaScript error: resource://gre/modules/LoginManagerParent.jsm, line 136: TypeError: gRecipeManager is null
console.warn: LoginRecipes: "getRecipes: falling back to a synchronous message for:" "https://webmail.jaiza.io"
JavaScript error: resource://gre/modules/LoginManagerParent.jsm, line 136: TypeError: gRecipeManager is null
console.warn: LoginRecipes: "getRecipes: falling back to a synchronous message for:" "https://webmail.jaiza.io"
JavaScript error: resource://gre/modules/LoginManagerParent.jsm, line 136: TypeError: gRecipeManager is null
console.warn: LoginRecipes: "getRecipes: falling back to a synchronous message for:" "https://webmail.jaiza.io"
JavaScript error: resource://gre/modules/LoginManagerParent.jsm, line 136: TypeError: gRecipeManager is null
console.warn: LoginRecipes: "getRecipes: falling back to a synchronous message for:" "https://webmail.jaiza.io"
JavaScript error: resource://gre/modules/LoginManagerParent.jsm, line 136: TypeError: gRecipeManager is null
console.warn: LoginRecipes: "getRecipes: falling back to a synchronous message for:" "https://webmail.jaiza.io"
JavaScript error: resource://gre/modules/LoginManagerParent.jsm, line 136: TypeError: gRecipeManager is null
console.error: (new TypeError("parent is null", "resource://devtools/client/inspector/shared/style-change-tracker.js", 67))
TypeError: parent is null: canMutationImpactCurrentStyles@resource://devtools/client/inspector/shared/style-change-tracker.js:67:24
onMutations@resource://devtools/client/inspector/shared/style-change-tracker.js:84:41
_emit@resource://devtools/shared/event-emitter.js:242:32
emit@resource://devtools/shared/event-emitter.js:186:18
emit@resource://devtools/shared/event-emitter.js:330:18
getMutations@resource://devtools/client/fronts/walker.js:312:10

JavaScript error: resource://gre/modules/AsyncShutdown.jsm, line 575: NotFoundError: No such JSWindowActor 'DevToolsFrame'
JavaScript error: resource://gre/modules/AsyncShutdown.jsm, line 575: NotFoundError: No such JSWindowActor 'DevToolsFrame'
1658326385094	Marionette	INFO	Stopped listening on port 55982
6a8-ab0c-c07afbe8a561
console.warn: LoginRecipes: "getRecipes: falling back to a synchronous message for:" "https://webmail.jaiza.io"
console.warn: LoginRecipes: "getRecipes: falling back to a synchronous message for:" "https://webmail.jaiza.io"
JavaScript error: resource://gre/modules/LoginManagerParent.jsm, line 136: TypeError: gRecipeManager is null
console.warn: LoginRecipes: "getRecipes: falling back to a synchronous message for:" "https://webmail.jaiza.io"
JavaScript error: resource://gre/modules/LoginManagerParent.jsm, line 136: TypeError: gRecipeManager is null
console.warn: LoginRecipes: "getRecipes: falling back to a synchronous message for:" "https://webmail.jaiza.io"
JavaScript error: resource://gre/modules/LoginManagerParent.jsm, line 136: TypeError: gRecipeManager is null
1658326382995	Marionette	INFO	Stopped listening on port 56187
console.warn: TopSitesFeed: Failed to fetch data from Contile server: NetworkError when attempting to fetch resource.
remote-debugging-port" "56236" "--remote-allow-hosts" "localhost" "-no-remote" "-profile" "C:\\Users\\SAIDGR~1\\AppData\\Local\\Temp\\rust_mozprofileVFHdkl"
1658326102024	Marionette	INFO	Marionette enabled
1658326102028	Marionette	INFO	Listening on port 56245
WebDriver BiDi listening on ws://localhost:56236
Read port: 56245
1658326102190	RemoteAgent	WARN	TLS certificate errors will be ignored for this session
console.warn: SearchSettings: "get: No settings file exists, new profile?" (new NotFoundError("Could not open the file at C:\\Users\\SAIDGR~1\\AppData\\Local\\Temp\\rust_mozprofileVFHdkl\\search.json.mozlz4", (void 0)))
DevTools listening on ws://localhost:56236/devtools/browser/b509e52c-1fc2-4013-89b8-1c6bba516d54
console.warn: LoginRecipes: "getRecipes: falling back to a synchronous message for:" "https://webmail.jaiza.io"
console.warn: LoginRecipes: "getRecipes: falling back to a synchronous message for:" "https://webmail.jaiza.io"
JavaScript error: resource://gre/modules/LoginManagerParent.jsm, line 136: TypeError: gRecipeManager is null
console.warn: LoginRecipes: "getRecipes: falling back to a synchronous message for:" "https://webmail.jaiza.io"
JavaScript error: resource://gre/modules/LoginManagerParent.jsm, line 136: TypeError: gRecipeManager is null
1658326381433	Marionette	INFO	Stopped listening on port 56245
console.warn: TopSitesFeed: Failed to fetch data from Contile server: NetworkError when attempting to fetch resource.
remote-debugging-port" "56365" "--remote-allow-hosts" "localhost" "-no-remote" "-profile" "C:\\Users\\SAIDGR~1\\AppData\\Local\\Temp\\rust_mozprofilevhneSi"
1658326323118	Marionette	INFO	Marionette enabled
1658326323121	Marionette	INFO	Listening on port 56374
WebDriver BiDi listening on ws://localhost:56365
Read port: 56374
1658326323206	RemoteAgent	WARN	TLS certificate errors will be ignored for this session
console.warn: SearchSettings: "get: No settings file exists, new profile?" (new NotFoundError("Could not open the file at C:\\Users\\SAIDGR~1\\AppData\\Local\\Temp\\rust_mozprofilevhneSi\\search.json.mozlz4", (void 0)))
DevTools listening on ws://localhost:56365/devtools/browser/c9931fd3-ddd2-4857-8b13-33f0a45e7a91
console.warn: LoginRecipes: "getRecipes: falling back to a synchronous message for:" "https://webmail.jaiza.io"
console.warn: LoginRecipes: "getRecipes: falling back to a synchronous message for:" "https://webmail.jaiza.io"
JavaScript error: resource://gre/modules/LoginManagerParent.jsm, line 136: TypeError: gRecipeManager is null
console.warn: LoginRecipes: "getRecipes: falling back to a synchronous message for:" "https://webmail.jaiza.io"
JavaScript error: resource://gre/modules/LoginManagerParent.jsm, line 136: TypeError: gRecipeManager is null
1658326384231	Marionette	INFO	Stopped listening on port 56374
console.warn: TopSitesFeed: Failed to fetch data from Contile server: NetworkError when attempting to fetch resource.
1658326530052	geckodriver	INFO	Listening on 127.0.0.1:56461
1658326533103	mozrunner::runner	INFO	Running command: "C:\\Program Files\\Mozilla Firefox\\firefox.exe" "--marionette" "--remote-debugging-port" "56462" "--remote-allow-hosts" "localhost" "-no-remote" "-profile" "C:\\Users\\SAIDGR~1\\AppData\\Local\\Temp\\rust_mozprofiler8hhip"
1658326533366	Marionette	INFO	Marionette enabled
1658326533369	Marionette	INFO	Listening on port 56471
WebDriver BiDi listening on ws://localhost:56462
Read port: 56471
1658326533529	RemoteAgent	WARN	TLS certificate errors will be ignored for this session
console.warn: SearchSettings: "get: No settings file exists, new profile?" (new NotFoundError("Could not open the file at C:\\Users\\SAIDGR~1\\AppData\\Local\\Temp\\rust_mozprofiler8hhip\\search.json.mozlz4", (void 0)))
DevTools listening on ws://localhost:56462/devtools/browser/978d5534-dc38-4556-8fcb-78a5b49a94a8
console.warn: LoginRecipes: "getRecipes: falling back to a synchronous message for:" "https://webmail.jaiza.io"
console.warn: LoginRecipes: "getRecipes: falling back to a synchronous message for:" "https://webmail.jaiza.io"
JavaScript error: resource://gre/modules/LoginManagerParent.jsm, line 136: TypeError: gRecipeManager is null
console.warn: LoginRecipes: "getRecipes: falling back to a synchronous message for:" "https://webmail.jaiza.io"
JavaScript error: resource://gre/modules/LoginManagerParent.jsm, line 136: TypeError: gRecipeManager is null
JavaScript error: resource://gre/modules/AsyncShutdown.jsm, 1658326634281	mozrunner::runner	INFO	Running command: "C:\\Program Files\\Mozilla Firefox\\firefox.exe" "--marionette" "--remote-debugging-port" "56518" "--remote-allow-hosts" "localhost" "-no-remote" "-profile" "C:\\Users\\SAIDGR~1\\AppData\\Local\\Temp\\rust_mozprofilew9ntRJ"
1658326634506	Marionette	INFO	Marionette enabled
1658326634509	Marionette	INFO	Listening on port 56527
Read port: 56527
WebDriver BiDi listening on ws://localhost:56518
1658326634599	RemoteAgent	WARN	TLS certificate errors will be ignored for this session
console.warn: SearchSettings: "get: No settings file exists, new profile?" (new NotFoundError("Could not open the file at C:\\Users\\SAIDGR~1\\AppData\\Local\\Temp\\rust_mozprofilew9ntRJ\\search.json.mozlz4", (void 0)))
DevTools listening on ws://localhost:56518/devtools/browser/7a0e773d-c708-4eaf-8e47-1712d15edddc
console.warn: LoginRecipes: "getRecipes: falling back to a synchronous message for:" "https://webmail.jaiza.io"
console.warn: LoginRecipes: "getRecipes: falling back to a synchronous message for:" "https://webmail.jaiza.io"
JavaScript error: resource://gre/modules/LoginManagerParent.jsm, line 136: TypeError: gRecipeManager is null
console.warn: LoginRecipes: "getRecipes: falling back to a synchronous message for:" "https://webmail.jaiza.io"
JavaScript error: resource://gre/modules/LoginManagerParent.jsm, line 136: TypeError: gRecipeManager is null
console.warn: LoginRecipes: "getRecipes: falling back to a synchronous message for:" "https://webmail.jaiza.io"
JavaScript error: resource://gre/modules/LoginManagerParent.jsm, line 136: TypeError: gRecipeManager is null
console.warn: LoginRecipes: "getRecipes: falling back to a synchronous message for:" "https://www.google.com"
JavaScript error: resource://gre/modules/LoginManagerParent.jsm, line 136: TypeError: gRecipeManager is null
JavaScript error: https://eus.rubiconproject.com/usync.js, line 4: SecurityError: The operation is insecure.
JavaScript warning: https://pagead2.googlesyndication.com/bg/NPXW40WHzeAWpHe0TXJfo1vbWJJjEtRDmO6BZkTaGrg.js line 2 > eval line 5106 > eval line 1 > eval line 1 > eval, line 1: WEBGL_debug_renderer_info is deprecated in Firefox and will be removed. Please use RENDERER.
console.warn: LoginRecipes: "getRecipes: falling back to a synchronous message for:" "https://webmail.jaiza.io"
JavaScript error: resource://gre/modules/LoginManagerParent.jsm, line 136: TypeError: gRecipeManager is null
console.warn: LoginRecipes: "getRecipes: falling back to a synchronous message for:" "https://webmail.jaiza.io"
JavaScript error: resource://gre/modules/LoginManagerParent.jsm, line 136: TypeError: gRecipeManager is null
console.warn: LoginRecipes: "getRecipes: falling back to a synchronous message for:" "https://webmail.jaiza.io"
JavaScript error: resource://gre/modules/LoginManagerParent.jsm, line 136: TypeError: gRecipeManager is null
console.warn: LoginRecipes: "getRecipes: falling back to a synchronous message for:" "https://webmail.jaiza.io"
JavaScript error: resource://gre/modules/LoginManagerParent.jsm, line 136: TypeError: gRecipeManager is null
JavaScript warning: https://pagead2.googlesyndication.com/bg/NPXW40WHzeAWpHe0TXJfo1vbWJJjEtRDmO6BZkTaGrg.js line 2 > eval line 3492 > eval line 1 > eval line 1 > eval, line 1: WEBGL_debug_renderer_info is deprecated in Firefox and will be removed. Please use RENDERER.
JavaScript error: , line 0: TypeError: NetworkError when attempting to fetch resource.
JavaScript warning: https://pagead2.googlesyndication.com/bg/NPXW40WHzeAWpHe0TXJfo1vbWJJjEtRDmO6BZkTaGrg.js line 2 > eval line 3823 > eval line 1 > eval line 1 > eval, line 1: WEBGL_debug_renderer_info is deprecated in Firefox and will be removed. Please use RENDERER.
JavaScript error: https://eus.rubiconproject.com/usync.js, line 4: SecurityError: The operation is insecure.
JavaScript error: https://assets.a-mo.net/js/cframe.js#gdpr=0&gdpr_consent=&cc=MA, line 1: Error: NO
JavaScript error: , line 0: NotFoundError: No such JSWindowActor 'DevToolsFrame'
JavaScript error: , line 0: NotFoundError: No such JSWindowActor 'DevToolsFrame'
JavaScript error: resource://devtools/client/netmonitor/src/connector/firefox-data-provider.js, line 600: Error: Error while calling method getRequestHeaders: No such actor for ID: server0.conn1.netEvent1251
JavaScript error: resource://devtools/client/netmonitor/src/connector/firefox-data-provider.js, line 600: Error: Error while calling method getRequestHeaders: No such actor for ID: server0.conn1.netEvent1211
JavaScript error: resource://devtools/client/netmonitor/src/connector/firefox-data-provider.js, line 600: Error: Error while calling method getRequestHeaders: No such actor for ID: server0.conn1.netEvent1176
JavaScript error: resource://devtools/client/netmonitor/src/connector/firefox-data-provider.js, line 600: Error: Error while calling method getRequestHeaders: No such actor for ID: server0.conn1.netEvent1140
JavaScript error: , line 0: NotFoundError: No such JSWindowActor 'DevToolsFrame'
JavaScript error: , line 0: NotFoundError: No such JSWindowActor 'DevToolsFrame'
JavaScript error: , line 0: NS_ERROR_NOT_AVAILABLE
1658341715826	Marionette	INFO	Stopped listening on port 56527
Exiting due to channel error.
